<?xml version="1.0" encoding="UTF-8"?>
<testsuite name="com.welltech.ServiceTest" time="0" tests="1" errors="0" skipped="1" failures="0">
  <properties>
[...]
</properties>
  <testcase name="test" classname="com.welltech.ServiceTest" time="0">
    <skipped/>
    <system-out><![CDATA[17:37:13.976 [main] DEBUG org.springframework.test.context.junit4.SpringJUnit4ClassRunner - SpringJUnit4ClassRunner constructor called with [class com.welltech.ServiceTest]
17:37:13.988 [main] DEBUG org.springframework.test.context.BootstrapUtils - Instantiating CacheAwareContextLoaderDelegate from class [org.springframework.test.context.cache.DefaultCacheAwareContextLoaderDelegate]
17:37:14.000 [main] DEBUG org.springframework.test.context.BootstrapUtils - Instantiating BootstrapContext using constructor [public org.springframework.test.context.support.DefaultBootstrapContext(java.lang.Class,org.springframework.test.context.CacheAwareContextLoaderDelegate)]
17:37:14.022 [main] DEBUG org.springframework.test.context.BootstrapUtils - Instantiating TestContextBootstrapper for test class [com.welltech.ServiceTest] from class [org.springframework.boot.test.context.SpringBootTestContextBootstrapper]
17:37:14.043 [main] INFO org.springframework.boot.test.context.SpringBootTestContextBootstrapper - Neither @ContextConfiguration nor @ContextHierarchy found for test class [com.welltech.ServiceTest], using SpringBootContextLoader
17:37:14.048 [main] DEBUG org.springframework.test.context.support.AbstractContextLoader - Did not detect default resource location for test class [com.welltech.ServiceTest]: class path resource [com/welltech/ServiceTest-context.xml] does not exist
17:37:14.049 [main] DEBUG org.springframework.test.context.support.AbstractContextLoader - Did not detect default resource location for test class [com.welltech.ServiceTest]: class path resource [com/welltech/ServiceTestContext.groovy] does not exist
17:37:14.049 [main] INFO org.springframework.test.context.support.AbstractContextLoader - Could not detect default resource locations for test class [com.welltech.ServiceTest]: no resource found for suffixes {-context.xml, Context.groovy}.
17:37:14.050 [main] INFO org.springframework.test.context.support.AnnotationConfigContextLoaderUtils - Could not detect default configuration classes for test class [com.welltech.ServiceTest]: ServiceTest does not declare any static, non-private, non-final, nested classes annotated with @Configuration.
17:37:14.104 [main] DEBUG org.springframework.test.context.support.ActiveProfilesUtils - Could not find an 'annotation declaring class' for annotation type [org.springframework.test.context.ActiveProfiles] and class [com.welltech.ServiceTest]
17:37:14.118 [main] DEBUG org.springframework.core.env.StandardEnvironment - Adding [systemProperties] PropertySource with lowest search precedence
17:37:14.119 [main] DEBUG org.springframework.core.env.StandardEnvironment - Adding [systemEnvironment] PropertySource with lowest search precedence
17:37:14.119 [main] DEBUG org.springframework.core.env.StandardEnvironment - Initialized StandardEnvironment with PropertySources [systemProperties,systemEnvironment]
17:37:14.133 [main] DEBUG org.springframework.core.io.support.PathMatchingResourcePatternResolver - Resolved classpath location [com/welltech/] to resources [URL [file:/D:/%e6%b0%b4%e8%a1%a8%e5%8e%9f%e5%a7%8b%e4%bb%a3%e7%a0%81/water-affair-v3.1.1/water-affair-mobile/target/test-classes/com/welltech/], URL [file:/D:/%e6%b0%b4%e8%a1%a8%e5%8e%9f%e5%a7%8b%e4%bb%a3%e7%a0%81/water-affair-v3.1.1/water-affair-mobile/target/classes/com/welltech/], URL [jar:file:/D:/Maven/LocalWarehouse/com/welltech/water-affair-common/0.0.1-SNAPSHOT/water-affair-common-0.0.1-SNAPSHOT.jar!/com/welltech/]]
17:37:14.133 [main] DEBUG org.springframework.core.io.support.PathMatchingResourcePatternResolver - Looking for matching resources in directory tree [D:\水表原始代码\water-affair-v3.1.1\water-affair-mobile\target\test-classes\com\welltech]
17:37:14.134 [main] DEBUG org.springframework.core.io.support.PathMatchingResourcePatternResolver - Searching directory [D:\水表原始代码\water-affair-v3.1.1\water-affair-mobile\target\test-classes\com\welltech] for files matching pattern [D:/水表原始代码/water-affair-v3.1.1/water-affair-mobile/target/test-classes/com/welltech/*.class]
17:37:14.138 [main] DEBUG org.springframework.core.io.support.PathMatchingResourcePatternResolver - Looking for matching resources in directory tree [D:\水表原始代码\water-affair-v3.1.1\water-affair-mobile\target\classes\com\welltech]
17:37:14.138 [main] DEBUG org.springframework.core.io.support.PathMatchingResourcePatternResolver - Searching directory [D:\水表原始代码\water-affair-v3.1.1\water-affair-mobile\target\classes\com\welltech] for files matching pattern [D:/水表原始代码/water-affair-v3.1.1/water-affair-mobile/target/classes/com/welltech/*.class]
17:37:14.140 [main] DEBUG org.springframework.core.io.support.PathMatchingResourcePatternResolver - Looking for matching resources in jar file [file:/D:/Maven/LocalWarehouse/com/welltech/water-affair-common/0.0.1-SNAPSHOT/water-affair-common-0.0.1-SNAPSHOT.jar]
17:37:14.144 [main] DEBUG org.springframework.core.io.support.PathMatchingResourcePatternResolver - Resolved location pattern [classpath*:com/welltech/*.class] to resources [file [D:\水表原始代码\water-affair-v3.1.1\water-affair-mobile\target\test-classes\com\welltech\ServiceTest.class], file [D:\水表原始代码\water-affair-v3.1.1\water-affair-mobile\target\classes\com\welltech\WaterAffairApplication.class]]
17:37:14.199 [main] DEBUG org.springframework.context.annotation.ClassPathScanningCandidateComponentProvider - Identified candidate component class: file [D:\水表原始代码\water-affair-v3.1.1\water-affair-mobile\target\classes\com\welltech\WaterAffairApplication.class]
17:37:14.200 [main] INFO org.springframework.boot.test.context.SpringBootTestContextBootstrapper - Found @SpringBootConfiguration com.welltech.WaterAffairApplication for test class com.welltech.ServiceTest
17:37:14.210 [main] DEBUG org.springframework.boot.test.context.SpringBootTestContextBootstrapper - @TestExecutionListeners is not present for class [com.welltech.ServiceTest]: using defaults.
17:37:14.216 [main] INFO org.springframework.boot.test.context.SpringBootTestContextBootstrapper - Loaded default TestExecutionListener class names from location [META-INF/spring.factories]: [org.springframework.boot.test.mock.mockito.MockitoTestExecutionListener, org.springframework.boot.test.mock.mockito.ResetMocksTestExecutionListener, org.springframework.boot.test.autoconfigure.restdocs.RestDocsTestExecutionListener, org.springframework.boot.test.autoconfigure.web.client.MockRestServiceServerResetTestExecutionListener, org.springframework.boot.test.autoconfigure.web.servlet.MockMvcPrintOnlyOnFailureTestExecutionListener, org.springframework.boot.test.autoconfigure.web.servlet.WebDriverTestExecutionListener, org.springframework.test.context.web.ServletTestExecutionListener, org.springframework.test.context.support.DirtiesContextBeforeModesTestExecutionListener, org.springframework.test.context.support.DependencyInjectionTestExecutionListener, org.springframework.test.context.support.DirtiesContextTestExecutionListener, org.springframework.test.context.transaction.TransactionalTestExecutionListener, org.springframework.test.context.jdbc.SqlScriptsTestExecutionListener]
17:37:14.238 [main] INFO org.springframework.boot.test.context.SpringBootTestContextBootstrapper - Using TestExecutionListeners: [org.springframework.test.context.web.ServletTestExecutionListener@28c4711c, org.springframework.test.context.support.DirtiesContextBeforeModesTestExecutionListener@59717824, org.springframework.boot.test.autoconfigure.SpringBootDependencyInjectionTestExecutionListener@146044d7, org.springframework.test.context.support.DirtiesContextTestExecutionListener@1e9e725a, org.springframework.test.context.transaction.TransactionalTestExecutionListener@15d9bc04, org.springframework.test.context.jdbc.SqlScriptsTestExecutionListener@473b46c3, org.springframework.boot.test.mock.mockito.MockitoTestExecutionListener@516be40f, org.springframework.boot.test.autoconfigure.restdocs.RestDocsTestExecutionListener@3c0a50da, org.springframework.boot.test.mock.mockito.ResetMocksTestExecutionListener@646be2c3, org.springframework.boot.test.autoconfigure.web.client.MockRestServiceServerResetTestExecutionListener@797badd3, org.springframework.boot.test.autoconfigure.web.servlet.WebDriverTestExecutionListener@77be656f, org.springframework.boot.test.autoconfigure.web.servlet.MockMvcPrintOnlyOnFailureTestExecutionListener@19dc67c2]
17:37:14.241 [main] DEBUG org.springframework.test.annotation.ProfileValueUtils - Retrieved @ProfileValueSourceConfiguration [null] for test class [com.welltech.ServiceTest]
17:37:14.241 [main] DEBUG org.springframework.test.annotation.ProfileValueUtils - Retrieved ProfileValueSource type [class org.springframework.test.annotation.SystemProfileValueSource] for class [com.welltech.ServiceTest]
17:37:14.244 [main] DEBUG org.springframework.test.context.junit4.SpringJUnit4ClassRunner - SpringJUnit4ClassRunner constructor called with [class com.welltech.ServiceTest]
17:37:14.244 [main] DEBUG org.springframework.test.context.BootstrapUtils - Instantiating CacheAwareContextLoaderDelegate from class [org.springframework.test.context.cache.DefaultCacheAwareContextLoaderDelegate]
17:37:14.244 [main] DEBUG org.springframework.test.context.BootstrapUtils - Instantiating BootstrapContext using constructor [public org.springframework.test.context.support.DefaultBootstrapContext(java.lang.Class,org.springframework.test.context.CacheAwareContextLoaderDelegate)]
17:37:14.245 [main] DEBUG org.springframework.test.context.BootstrapUtils - Instantiating TestContextBootstrapper for test class [com.welltech.ServiceTest] from class [org.springframework.boot.test.context.SpringBootTestContextBootstrapper]
17:37:14.245 [main] INFO org.springframework.boot.test.context.SpringBootTestContextBootstrapper - Neither @ContextConfiguration nor @ContextHierarchy found for test class [com.welltech.ServiceTest], using SpringBootContextLoader
17:37:14.246 [main] DEBUG org.springframework.test.context.support.AbstractContextLoader - Did not detect default resource location for test class [com.welltech.ServiceTest]: class path resource [com/welltech/ServiceTest-context.xml] does not exist
17:37:14.247 [main] DEBUG org.springframework.test.context.support.AbstractContextLoader - Did not detect default resource location for test class [com.welltech.ServiceTest]: class path resource [com/welltech/ServiceTestContext.groovy] does not exist
17:37:14.247 [main] INFO org.springframework.test.context.support.AbstractContextLoader - Could not detect default resource locations for test class [com.welltech.ServiceTest]: no resource found for suffixes {-context.xml, Context.groovy}.
17:37:14.247 [main] INFO org.springframework.test.context.support.AnnotationConfigContextLoaderUtils - Could not detect default configuration classes for test class [com.welltech.ServiceTest]: ServiceTest does not declare any static, non-private, non-final, nested classes annotated with @Configuration.
17:37:14.253 [main] DEBUG org.springframework.test.context.support.ActiveProfilesUtils - Could not find an 'annotation declaring class' for annotation type [org.springframework.test.context.ActiveProfiles] and class [com.welltech.ServiceTest]
17:37:14.253 [main] DEBUG org.springframework.core.env.StandardEnvironment - Adding [systemProperties] PropertySource with lowest search precedence
17:37:14.253 [main] DEBUG org.springframework.core.env.StandardEnvironment - Adding [systemEnvironment] PropertySource with lowest search precedence
17:37:14.253 [main] DEBUG org.springframework.core.env.StandardEnvironment - Initialized StandardEnvironment with PropertySources [systemProperties,systemEnvironment]
17:37:14.253 [main] INFO org.springframework.boot.test.context.SpringBootTestContextBootstrapper - Found @SpringBootConfiguration com.welltech.WaterAffairApplication for test class com.welltech.ServiceTest
17:37:14.255 [main] DEBUG org.springframework.boot.test.context.SpringBootTestContextBootstrapper - @TestExecutionListeners is not present for class [com.welltech.ServiceTest]: using defaults.
17:37:14.259 [main] INFO org.springframework.boot.test.context.SpringBootTestContextBootstrapper - Loaded default TestExecutionListener class names from location [META-INF/spring.factories]: [org.springframework.boot.test.mock.mockito.MockitoTestExecutionListener, org.springframework.boot.test.mock.mockito.ResetMocksTestExecutionListener, org.springframework.boot.test.autoconfigure.restdocs.RestDocsTestExecutionListener, org.springframework.boot.test.autoconfigure.web.client.MockRestServiceServerResetTestExecutionListener, org.springframework.boot.test.autoconfigure.web.servlet.MockMvcPrintOnlyOnFailureTestExecutionListener, org.springframework.boot.test.autoconfigure.web.servlet.WebDriverTestExecutionListener, org.springframework.test.context.web.ServletTestExecutionListener, org.springframework.test.context.support.DirtiesContextBeforeModesTestExecutionListener, org.springframework.test.context.support.DependencyInjectionTestExecutionListener, org.springframework.test.context.support.DirtiesContextTestExecutionListener, org.springframework.test.context.transaction.TransactionalTestExecutionListener, org.springframework.test.context.jdbc.SqlScriptsTestExecutionListener]
17:37:14.265 [main] INFO org.springframework.boot.test.context.SpringBootTestContextBootstrapper - Using TestExecutionListeners: [org.springframework.test.context.web.ServletTestExecutionListener@3bbc39f8, org.springframework.test.context.support.DirtiesContextBeforeModesTestExecutionListener@4ae3c1cd, org.springframework.boot.test.autoconfigure.SpringBootDependencyInjectionTestExecutionListener@29f69090, org.springframework.test.context.support.DirtiesContextTestExecutionListener@568bf312, org.springframework.test.context.transaction.TransactionalTestExecutionListener@ca263c2, org.springframework.test.context.jdbc.SqlScriptsTestExecutionListener@589b3632, org.springframework.boot.test.mock.mockito.MockitoTestExecutionListener@45f45fa1, org.springframework.boot.test.autoconfigure.restdocs.RestDocsTestExecutionListener@4c6e276e, org.springframework.boot.test.mock.mockito.ResetMocksTestExecutionListener@534df152, org.springframework.boot.test.autoconfigure.web.client.MockRestServiceServerResetTestExecutionListener@52e677af, org.springframework.boot.test.autoconfigure.web.servlet.WebDriverTestExecutionListener@35083305, org.springframework.boot.test.autoconfigure.web.servlet.MockMvcPrintOnlyOnFailureTestExecutionListener@8e0379d]
17:37:14.266 [main] DEBUG org.springframework.test.annotation.ProfileValueUtils - Retrieved @ProfileValueSourceConfiguration [null] for test class [com.welltech.ServiceTest]
17:37:14.266 [main] DEBUG org.springframework.test.annotation.ProfileValueUtils - Retrieved ProfileValueSource type [class org.springframework.test.annotation.SystemProfileValueSource] for class [com.welltech.ServiceTest]
17:37:14.267 [main] DEBUG org.springframework.test.annotation.ProfileValueUtils - Retrieved @ProfileValueSourceConfiguration [null] for test class [com.welltech.ServiceTest]
17:37:14.267 [main] DEBUG org.springframework.test.annotation.ProfileValueUtils - Retrieved ProfileValueSource type [class org.springframework.test.annotation.SystemProfileValueSource] for class [com.welltech.ServiceTest]
]]></system-out>
    <system-err><![CDATA[SLF4J: Class path contains multiple SLF4J bindings.
SLF4J: Found binding in [jar:file:/D:/Maven/LocalWarehouse/ch/qos/logback/logback-classic/1.1.11/logback-classic-1.1.11.jar!/org/slf4j/impl/StaticLoggerBinder.class]
SLF4J: Found binding in [jar:file:/D:/Maven/LocalWarehouse/org/slf4j/slf4j-log4j12/1.7.24/slf4j-log4j12-1.7.24.jar!/org/slf4j/impl/StaticLoggerBinder.class]
SLF4J: See http://www.slf4j.org/codes.html#multiple_bindings for an explanation.
SLF4J: Actual binding is of type [ch.qos.logback.classic.util.ContextSelectorStaticBinder]
]]></system-err>
  </testcase>
</testsuite>